2019-05-06 19:29:45,264 DEBUG cache:44 - Couldn't find template in cache for "book/books.ftl"("zh_CN", UTF-8, parsed); will try to load it.
2019-05-06 19:29:45,273 DEBUG cache:44 - TemplateLoader.findTemplateSource("book/books_zh_CN.ftl"): Not found
2019-05-06 19:29:45,276 DEBUG cache:44 - TemplateLoader.findTemplateSource("book/books_zh.ftl"): Not found
2019-05-06 19:29:45,313 DEBUG cache:44 - TemplateLoader.findTemplateSource("book/books.ftl"): Found
2019-05-06 19:29:45,314 DEBUG cache:44 - Loading template for "book/books.ftl"("zh_CN", UTF-8, parsed) from "D:\\工程师软件\\IDEA\\IntelliJ IDEA 2018.2.5\\BookManage\\target\\classes\\templates\\book\\books.ftl"
2019-05-06 19:29:45,426 DEBUG cache:44 - "book/books.ftl"("zh_CN", UTF-8, parsed) cached copy not yet stale; using cached.
2019-05-06 19:29:47,331 DEBUG cache:44 - Couldn't find template in cache for "login/login.ftl"("zh_CN", UTF-8, parsed); will try to load it.
2019-05-06 19:29:47,333 DEBUG cache:44 - TemplateLoader.findTemplateSource("login/login_zh_CN.ftl"): Not found
2019-05-06 19:29:47,333 DEBUG cache:44 - TemplateLoader.findTemplateSource("login/login_zh.ftl"): Not found
2019-05-06 19:29:47,335 DEBUG cache:44 - TemplateLoader.findTemplateSource("login/login.ftl"): Found
2019-05-06 19:29:47,335 DEBUG cache:44 - Loading template for "login/login.ftl"("zh_CN", UTF-8, parsed) from "D:\\工程师软件\\IDEA\\IntelliJ IDEA 2018.2.5\\BookManage\\target\\classes\\templates\\login\\login.ftl"
2019-05-06 19:29:47,337 DEBUG cache:44 - "login/login.ftl"("zh_CN", UTF-8, parsed) cached copy not yet stale; using cached.
2019-05-06 19:29:50,817  INFO usersController:88 - 到此为验证成功，进入主界面
2019-05-06 19:29:50,817  INFO usersController:89 - 获得秘钥427f75e1af52da4fa0a87f8a2c8ddeeb3856
2019-05-06 19:29:50,833 DEBUG cache:44 - TemplateLoader.findTemplateSource("book/books_zh_CN.ftl"): Not found
2019-05-06 19:29:50,833 DEBUG cache:44 - TemplateLoader.findTemplateSource("book/books_zh.ftl"): Not found
2019-05-06 19:29:50,834 DEBUG cache:44 - TemplateLoader.findTemplateSource("book/books.ftl"): Found
2019-05-06 19:29:50,835 DEBUG cache:44 - "book/books.ftl"("zh_CN", UTF-8, parsed): using cached since D:\工程师软件\IDEA\IntelliJ IDEA 2018.2.5\BookManage\target\classes\templates\book\books.ftl hasn't changed.
2019-05-06 19:29:50,836 DEBUG cache:44 - "book/books.ftl"("zh_CN", UTF-8, parsed) cached copy not yet stale; using cached.
2019-05-06 19:34:36,817 DEBUG cache:44 - Couldn't find template in cache for "book/books.ftl"("zh_CN", UTF-8, parsed); will try to load it.
2019-05-06 19:34:36,821 DEBUG cache:44 - TemplateLoader.findTemplateSource("book/books_zh_CN.ftl"): Not found
2019-05-06 19:34:36,823 DEBUG cache:44 - TemplateLoader.findTemplateSource("book/books_zh.ftl"): Not found
2019-05-06 19:34:36,824 DEBUG cache:44 - TemplateLoader.findTemplateSource("book/books.ftl"): Found
2019-05-06 19:34:36,824 DEBUG cache:44 - Loading template for "book/books.ftl"("zh_CN", UTF-8, parsed) from "D:\\工程师软件\\IDEA\\IntelliJ IDEA 2018.2.5\\BookManage\\target\\classes\\templates\\book\\books.ftl"
2019-05-06 19:34:36,873 DEBUG cache:44 - "book/books.ftl"("zh_CN", UTF-8, parsed) cached copy not yet stale; using cached.
2019-05-06 19:34:40,388 DEBUG cache:44 - Couldn't find template in cache for "login/login.ftl"("zh_CN", UTF-8, parsed); will try to load it.
2019-05-06 19:34:40,389 DEBUG cache:44 - TemplateLoader.findTemplateSource("login/login_zh_CN.ftl"): Not found
2019-05-06 19:34:40,389 DEBUG cache:44 - TemplateLoader.findTemplateSource("login/login_zh.ftl"): Not found
2019-05-06 19:34:40,391 DEBUG cache:44 - TemplateLoader.findTemplateSource("login/login.ftl"): Found
2019-05-06 19:34:40,391 DEBUG cache:44 - Loading template for "login/login.ftl"("zh_CN", UTF-8, parsed) from "D:\\工程师软件\\IDEA\\IntelliJ IDEA 2018.2.5\\BookManage\\target\\classes\\templates\\login\\login.ftl"
2019-05-06 19:34:40,394 DEBUG cache:44 - "login/login.ftl"("zh_CN", UTF-8, parsed) cached copy not yet stale; using cached.
2019-05-06 19:34:44,677 DEBUG cache:44 - Couldn't find template in cache for "404.ftl"("zh_CN", UTF-8, parsed); will try to load it.
2019-05-06 19:34:44,677 DEBUG cache:44 - TemplateLoader.findTemplateSource("404_zh_CN.ftl"): Not found
2019-05-06 19:34:44,678 DEBUG cache:44 - TemplateLoader.findTemplateSource("404_zh.ftl"): Not found
2019-05-06 19:34:44,680 DEBUG cache:44 - TemplateLoader.findTemplateSource("404.ftl"): Found
2019-05-06 19:34:44,681 DEBUG cache:44 - Loading template for "404.ftl"("zh_CN", UTF-8, parsed) from "D:\\工程师软件\\IDEA\\IntelliJ IDEA 2018.2.5\\BookManage\\target\\classes\\templates\\404.ftl"
2019-05-06 19:34:44,683 DEBUG cache:44 - "404.ftl"("zh_CN", UTF-8, parsed) cached copy not yet stale; using cached.
2019-05-06 19:35:13,232 DEBUG cache:44 - TemplateLoader.findTemplateSource("404_zh_CN.ftl"): Not found
2019-05-06 19:35:13,233 DEBUG cache:44 - TemplateLoader.findTemplateSource("404_zh.ftl"): Not found
2019-05-06 19:35:13,233 DEBUG cache:44 - TemplateLoader.findTemplateSource("404.ftl"): Found
2019-05-06 19:35:13,233 DEBUG cache:44 - "404.ftl"("zh_CN", UTF-8, parsed): using cached since D:\工程师软件\IDEA\IntelliJ IDEA 2018.2.5\BookManage\target\classes\templates\404.ftl hasn't changed.
2019-05-06 19:35:13,234 DEBUG cache:44 - "404.ftl"("zh_CN", UTF-8, parsed) cached copy not yet stale; using cached.
2019-05-06 19:35:35,576 DEBUG cache:44 - Couldn't find template in cache for "book/books.ftl"("zh_CN", UTF-8, parsed); will try to load it.
2019-05-06 19:35:35,593 DEBUG cache:44 - TemplateLoader.findTemplateSource("book/books_zh_CN.ftl"): Not found
2019-05-06 19:35:35,595 DEBUG cache:44 - TemplateLoader.findTemplateSource("book/books_zh.ftl"): Not found
2019-05-06 19:35:35,597 DEBUG cache:44 - TemplateLoader.findTemplateSource("book/books.ftl"): Found
2019-05-06 19:35:35,598 DEBUG cache:44 - Loading template for "book/books.ftl"("zh_CN", UTF-8, parsed) from "D:\\工程师软件\\IDEA\\IntelliJ IDEA 2018.2.5\\BookManage\\target\\classes\\templates\\book\\books.ftl"
2019-05-06 19:35:35,687 DEBUG cache:44 - "book/books.ftl"("zh_CN", UTF-8, parsed) cached copy not yet stale; using cached.
2019-05-06 19:35:37,720 DEBUG cache:44 - Couldn't find template in cache for "login/login.ftl"("zh_CN", UTF-8, parsed); will try to load it.
2019-05-06 19:35:37,721 DEBUG cache:44 - TemplateLoader.findTemplateSource("login/login_zh_CN.ftl"): Not found
2019-05-06 19:35:37,722 DEBUG cache:44 - TemplateLoader.findTemplateSource("login/login_zh.ftl"): Not found
2019-05-06 19:35:37,724 DEBUG cache:44 - TemplateLoader.findTemplateSource("login/login.ftl"): Found
2019-05-06 19:35:37,724 DEBUG cache:44 - Loading template for "login/login.ftl"("zh_CN", UTF-8, parsed) from "D:\\工程师软件\\IDEA\\IntelliJ IDEA 2018.2.5\\BookManage\\target\\classes\\templates\\login\\login.ftl"
2019-05-06 19:35:37,725 DEBUG cache:44 - "login/login.ftl"("zh_CN", UTF-8, parsed) cached copy not yet stale; using cached.
2019-05-06 19:35:40,184 DEBUG cache:44 - Couldn't find template in cache for "404.ftl"("zh_CN", UTF-8, parsed); will try to load it.
2019-05-06 19:35:40,184 DEBUG cache:44 - TemplateLoader.findTemplateSource("404_zh_CN.ftl"): Not found
2019-05-06 19:35:40,185 DEBUG cache:44 - TemplateLoader.findTemplateSource("404_zh.ftl"): Not found
2019-05-06 19:35:40,186 DEBUG cache:44 - TemplateLoader.findTemplateSource("404.ftl"): Found
2019-05-06 19:35:40,187 DEBUG cache:44 - Loading template for "404.ftl"("zh_CN", UTF-8, parsed) from "D:\\工程师软件\\IDEA\\IntelliJ IDEA 2018.2.5\\BookManage\\target\\classes\\templates\\404.ftl"
2019-05-06 19:35:40,189 DEBUG cache:44 - "404.ftl"("zh_CN", UTF-8, parsed) cached copy not yet stale; using cached.
2019-05-06 19:40:04,630 DEBUG cache:44 - Couldn't find template in cache for "book/books.ftl"("zh_CN", UTF-8, parsed); will try to load it.
2019-05-06 19:40:04,637 DEBUG cache:44 - TemplateLoader.findTemplateSource("book/books_zh_CN.ftl"): Not found
2019-05-06 19:40:04,639 DEBUG cache:44 - TemplateLoader.findTemplateSource("book/books_zh.ftl"): Not found
2019-05-06 19:40:04,641 DEBUG cache:44 - TemplateLoader.findTemplateSource("book/books.ftl"): Found
2019-05-06 19:40:04,642 DEBUG cache:44 - Loading template for "book/books.ftl"("zh_CN", UTF-8, parsed) from "D:\\工程师软件\\IDEA\\IntelliJ IDEA 2018.2.5\\BookManage\\target\\classes\\templates\\book\\books.ftl"
2019-05-06 19:40:04,741 DEBUG cache:44 - "book/books.ftl"("zh_CN", UTF-8, parsed) cached copy not yet stale; using cached.
2019-05-06 19:40:08,059 DEBUG cache:44 - Couldn't find template in cache for "login/login.ftl"("zh_CN", UTF-8, parsed); will try to load it.
2019-05-06 19:40:08,060 DEBUG cache:44 - TemplateLoader.findTemplateSource("login/login_zh_CN.ftl"): Not found
2019-05-06 19:40:08,061 DEBUG cache:44 - TemplateLoader.findTemplateSource("login/login_zh.ftl"): Not found
2019-05-06 19:40:08,062 DEBUG cache:44 - TemplateLoader.findTemplateSource("login/login.ftl"): Found
2019-05-06 19:40:08,062 DEBUG cache:44 - Loading template for "login/login.ftl"("zh_CN", UTF-8, parsed) from "D:\\工程师软件\\IDEA\\IntelliJ IDEA 2018.2.5\\BookManage\\target\\classes\\templates\\login\\login.ftl"
2019-05-06 19:40:08,064 DEBUG cache:44 - "login/login.ftl"("zh_CN", UTF-8, parsed) cached copy not yet stale; using cached.
2019-05-06 19:40:11,455 DEBUG cache:44 - Couldn't find template in cache for "404.ftl"("zh_CN", UTF-8, parsed); will try to load it.
2019-05-06 19:40:11,456 DEBUG cache:44 - TemplateLoader.findTemplateSource("404_zh_CN.ftl"): Not found
2019-05-06 19:40:11,456 DEBUG cache:44 - TemplateLoader.findTemplateSource("404_zh.ftl"): Not found
2019-05-06 19:40:11,457 DEBUG cache:44 - TemplateLoader.findTemplateSource("404.ftl"): Found
2019-05-06 19:40:11,461 DEBUG cache:44 - Loading template for "404.ftl"("zh_CN", UTF-8, parsed) from "D:\\工程师软件\\IDEA\\IntelliJ IDEA 2018.2.5\\BookManage\\target\\classes\\templates\\404.ftl"
2019-05-06 19:40:11,464 DEBUG cache:44 - "404.ftl"("zh_CN", UTF-8, parsed) cached copy not yet stale; using cached.
2019-05-06 19:40:18,931  INFO usersController:88 - 到此为验证成功，进入主界面
2019-05-06 19:40:18,931  INFO usersController:89 - 获得秘钥1add25a7acdcfa4280abc85a60147e701698
2019-05-06 19:40:18,944 DEBUG cache:44 - TemplateLoader.findTemplateSource("book/books_zh_CN.ftl"): Not found
2019-05-06 19:40:18,946 DEBUG cache:44 - TemplateLoader.findTemplateSource("book/books_zh.ftl"): Not found
2019-05-06 19:40:18,946 DEBUG cache:44 - TemplateLoader.findTemplateSource("book/books.ftl"): Found
2019-05-06 19:40:18,947 DEBUG cache:44 - "book/books.ftl"("zh_CN", UTF-8, parsed): using cached since D:\工程师软件\IDEA\IntelliJ IDEA 2018.2.5\BookManage\target\classes\templates\book\books.ftl hasn't changed.
2019-05-06 19:40:18,948 DEBUG cache:44 - "book/books.ftl"("zh_CN", UTF-8, parsed) cached copy not yet stale; using cached.
2019-05-06 19:43:09,363  INFO bookController:89 - 
2019-05-06 19:43:09,379 DEBUG cache:44 - Couldn't find template in cache for "book/books.ftl"("zh_CN", UTF-8, parsed); will try to load it.
2019-05-06 19:43:09,383 DEBUG cache:44 - TemplateLoader.findTemplateSource("book/books_zh_CN.ftl"): Not found
2019-05-06 19:43:09,385 DEBUG cache:44 - TemplateLoader.findTemplateSource("book/books_zh.ftl"): Not found
2019-05-06 19:43:09,387 DEBUG cache:44 - TemplateLoader.findTemplateSource("book/books.ftl"): Found
2019-05-06 19:43:09,388 DEBUG cache:44 - Loading template for "book/books.ftl"("zh_CN", UTF-8, parsed) from "D:\\工程师软件\\IDEA\\IntelliJ IDEA 2018.2.5\\BookManage\\target\\classes\\templates\\book\\books.ftl"
2019-05-06 19:43:09,461 DEBUG cache:44 - "book/books.ftl"("zh_CN", UTF-8, parsed) cached copy not yet stale; using cached.
2019-05-06 19:43:11,729 DEBUG cache:44 - Couldn't find template in cache for "login/login.ftl"("zh_CN", UTF-8, parsed); will try to load it.
2019-05-06 19:43:11,730 DEBUG cache:44 - TemplateLoader.findTemplateSource("login/login_zh_CN.ftl"): Not found
2019-05-06 19:43:11,730 DEBUG cache:44 - TemplateLoader.findTemplateSource("login/login_zh.ftl"): Not found
2019-05-06 19:43:11,733 DEBUG cache:44 - TemplateLoader.findTemplateSource("login/login.ftl"): Found
2019-05-06 19:43:11,734 DEBUG cache:44 - Loading template for "login/login.ftl"("zh_CN", UTF-8, parsed) from "D:\\工程师软件\\IDEA\\IntelliJ IDEA 2018.2.5\\BookManage\\target\\classes\\templates\\login\\login.ftl"
2019-05-06 19:43:11,735 DEBUG cache:44 - "login/login.ftl"("zh_CN", UTF-8, parsed) cached copy not yet stale; using cached.
2019-05-06 19:43:15,388  INFO usersController:88 - 到此为验证成功，进入主界面
2019-05-06 19:43:15,388  INFO usersController:89 - 获得秘钥03234f8aa8b28a490ba9b53a26a36d3959ca
2019-05-06 19:43:15,399  INFO bookController:89 - 
2019-05-06 19:43:15,402 DEBUG cache:44 - TemplateLoader.findTemplateSource("book/books_zh_CN.ftl"): Not found
2019-05-06 19:43:15,403 DEBUG cache:44 - TemplateLoader.findTemplateSource("book/books_zh.ftl"): Not found
2019-05-06 19:43:15,403 DEBUG cache:44 - TemplateLoader.findTemplateSource("book/books.ftl"): Found
2019-05-06 19:43:15,404 DEBUG cache:44 - "book/books.ftl"("zh_CN", UTF-8, parsed): using cached since D:\工程师软件\IDEA\IntelliJ IDEA 2018.2.5\BookManage\target\classes\templates\book\books.ftl hasn't changed.
2019-05-06 19:43:15,404 DEBUG cache:44 - "book/books.ftl"("zh_CN", UTF-8, parsed) cached copy not yet stale; using cached.
2019-05-06 19:47:03,176  INFO bookController:89 - 
2019-05-06 19:47:03,189 DEBUG cache:44 - Couldn't find template in cache for "book/books.ftl"("zh_CN", UTF-8, parsed); will try to load it.
2019-05-06 19:47:03,195 DEBUG cache:44 - TemplateLoader.findTemplateSource("book/books_zh_CN.ftl"): Not found
2019-05-06 19:47:03,197 DEBUG cache:44 - TemplateLoader.findTemplateSource("book/books_zh.ftl"): Not found
2019-05-06 19:47:03,199 DEBUG cache:44 - TemplateLoader.findTemplateSource("book/books.ftl"): Found
2019-05-06 19:47:03,203 DEBUG cache:44 - Loading template for "book/books.ftl"("zh_CN", UTF-8, parsed) from "D:\\工程师软件\\IDEA\\IntelliJ IDEA 2018.2.5\\BookManage\\target\\classes\\templates\\book\\books.ftl"
2019-05-06 19:47:03,270 DEBUG cache:44 - "book/books.ftl"("zh_CN", UTF-8, parsed) cached copy not yet stale; using cached.
2019-05-06 19:47:05,626 DEBUG cache:44 - Couldn't find template in cache for "login/login.ftl"("zh_CN", UTF-8, parsed); will try to load it.
2019-05-06 19:47:05,627 DEBUG cache:44 - TemplateLoader.findTemplateSource("login/login_zh_CN.ftl"): Not found
2019-05-06 19:47:05,628 DEBUG cache:44 - TemplateLoader.findTemplateSource("login/login_zh.ftl"): Not found
2019-05-06 19:47:05,630 DEBUG cache:44 - TemplateLoader.findTemplateSource("login/login.ftl"): Found
2019-05-06 19:47:05,630 DEBUG cache:44 - Loading template for "login/login.ftl"("zh_CN", UTF-8, parsed) from "D:\\工程师软件\\IDEA\\IntelliJ IDEA 2018.2.5\\BookManage\\target\\classes\\templates\\login\\login.ftl"
2019-05-06 19:47:05,632 DEBUG cache:44 - "login/login.ftl"("zh_CN", UTF-8, parsed) cached copy not yet stale; using cached.
2019-05-06 19:47:08,374  INFO usersController:89 - 到此为验证成功，进入主界面
2019-05-06 19:47:08,374  INFO usersController:90 - 获得秘钥bba74165a1241a432aa9241a4e492048935f
2019-05-06 19:47:08,374  INFO usersController:91 - 
2019-05-06 19:47:08,389  INFO bookController:89 - 
2019-05-06 19:47:08,391 DEBUG cache:44 - TemplateLoader.findTemplateSource("book/books_zh_CN.ftl"): Not found
2019-05-06 19:47:08,391 DEBUG cache:44 - TemplateLoader.findTemplateSource("book/books_zh.ftl"): Not found
2019-05-06 19:47:08,392 DEBUG cache:44 - TemplateLoader.findTemplateSource("book/books.ftl"): Found
2019-05-06 19:47:08,392 DEBUG cache:44 - "book/books.ftl"("zh_CN", UTF-8, parsed): using cached since D:\工程师软件\IDEA\IntelliJ IDEA 2018.2.5\BookManage\target\classes\templates\book\books.ftl hasn't changed.
2019-05-06 19:47:08,392 DEBUG cache:44 - "book/books.ftl"("zh_CN", UTF-8, parsed) cached copy not yet stale; using cached.
2019-05-06 19:49:12,536  INFO bookController:89 - 
2019-05-06 19:49:12,550 DEBUG cache:44 - Couldn't find template in cache for "book/books.ftl"("zh_CN", UTF-8, parsed); will try to load it.
2019-05-06 19:49:12,552 DEBUG cache:44 - TemplateLoader.findTemplateSource("book/books_zh_CN.ftl"): Not found
2019-05-06 19:49:12,553 DEBUG cache:44 - TemplateLoader.findTemplateSource("book/books_zh.ftl"): Not found
2019-05-06 19:49:12,555 DEBUG cache:44 - TemplateLoader.findTemplateSource("book/books.ftl"): Found
2019-05-06 19:49:12,556 DEBUG cache:44 - Loading template for "book/books.ftl"("zh_CN", UTF-8, parsed) from "D:\\工程师软件\\IDEA\\IntelliJ IDEA 2018.2.5\\BookManage\\target\\classes\\templates\\book\\books.ftl"
2019-05-06 19:49:12,615 DEBUG cache:44 - "book/books.ftl"("zh_CN", UTF-8, parsed) cached copy not yet stale; using cached.
2019-05-06 19:49:18,799 DEBUG cache:44 - Couldn't find template in cache for "login/login.ftl"("zh_CN", UTF-8, parsed); will try to load it.
2019-05-06 19:49:18,800 DEBUG cache:44 - TemplateLoader.findTemplateSource("login/login_zh_CN.ftl"): Not found
2019-05-06 19:49:18,801 DEBUG cache:44 - TemplateLoader.findTemplateSource("login/login_zh.ftl"): Not found
2019-05-06 19:49:18,803 DEBUG cache:44 - TemplateLoader.findTemplateSource("login/login.ftl"): Found
2019-05-06 19:49:18,803 DEBUG cache:44 - Loading template for "login/login.ftl"("zh_CN", UTF-8, parsed) from "D:\\工程师软件\\IDEA\\IntelliJ IDEA 2018.2.5\\BookManage\\target\\classes\\templates\\login\\login.ftl"
2019-05-06 19:49:18,806 DEBUG cache:44 - "login/login.ftl"("zh_CN", UTF-8, parsed) cached copy not yet stale; using cached.
2019-05-06 19:49:21,817  INFO usersController:89 - 到此为验证成功，进入主界面
2019-05-06 19:49:21,817  INFO usersController:90 - 获得秘钥b4870a83ae6eda4f5ba9257a2475b0ee3800
2019-05-06 19:49:21,817  INFO usersController:91 - 
2019-05-06 19:49:21,831  INFO bookController:89 - 
2019-05-06 19:49:21,833 DEBUG cache:44 - TemplateLoader.findTemplateSource("book/books_zh_CN.ftl"): Not found
2019-05-06 19:49:21,834 DEBUG cache:44 - TemplateLoader.findTemplateSource("book/books_zh.ftl"): Not found
2019-05-06 19:49:21,834 DEBUG cache:44 - TemplateLoader.findTemplateSource("book/books.ftl"): Found
2019-05-06 19:49:21,834 DEBUG cache:44 - "book/books.ftl"("zh_CN", UTF-8, parsed): using cached since D:\工程师软件\IDEA\IntelliJ IDEA 2018.2.5\BookManage\target\classes\templates\book\books.ftl hasn't changed.
2019-05-06 19:49:21,835 DEBUG cache:44 - "book/books.ftl"("zh_CN", UTF-8, parsed) cached copy not yet stale; using cached.
2019-05-06 19:50:36,302 DEBUG cache:44 - Couldn't find template in cache for "login/login.ftl"("zh_CN", UTF-8, parsed); will try to load it.
2019-05-06 19:50:36,310 DEBUG cache:44 - TemplateLoader.findTemplateSource("login/login_zh_CN.ftl"): Not found
2019-05-06 19:50:36,312 DEBUG cache:44 - TemplateLoader.findTemplateSource("login/login_zh.ftl"): Not found
2019-05-06 19:50:36,314 DEBUG cache:44 - TemplateLoader.findTemplateSource("login/login.ftl"): Found
2019-05-06 19:50:36,315 DEBUG cache:44 - Loading template for "login/login.ftl"("zh_CN", UTF-8, parsed) from "D:\\工程师软件\\IDEA\\IntelliJ IDEA 2018.2.5\\BookManage\\target\\classes\\templates\\login\\login.ftl"
2019-05-06 19:50:36,341 DEBUG cache:44 - "login/login.ftl"("zh_CN", UTF-8, parsed) cached copy not yet stale; using cached.
2019-05-06 19:50:39,211  INFO usersController:89 - 到此为验证成功，进入主界面
2019-05-06 19:50:39,212  INFO usersController:90 - 获得秘钥cf743afba4ed9a42ceabf92a9b9b7102e9cc
2019-05-06 19:50:39,213  INFO usersController:91 - 
2019-05-06 19:50:39,239  INFO bookController:89 - 
2019-05-06 19:50:39,240 DEBUG cache:44 - Couldn't find template in cache for "book/books.ftl"("zh_CN", UTF-8, parsed); will try to load it.
2019-05-06 19:50:39,241 DEBUG cache:44 - TemplateLoader.findTemplateSource("book/books_zh_CN.ftl"): Not found
2019-05-06 19:50:39,241 DEBUG cache:44 - TemplateLoader.findTemplateSource("book/books_zh.ftl"): Not found
2019-05-06 19:50:39,242 DEBUG cache:44 - TemplateLoader.findTemplateSource("book/books.ftl"): Found
2019-05-06 19:50:39,243 DEBUG cache:44 - Loading template for "book/books.ftl"("zh_CN", UTF-8, parsed) from "D:\\工程师软件\\IDEA\\IntelliJ IDEA 2018.2.5\\BookManage\\target\\classes\\templates\\book\\books.ftl"
2019-05-06 19:50:39,270 DEBUG cache:44 - "book/books.ftl"("zh_CN", UTF-8, parsed) cached copy not yet stale; using cached.
2019-05-06 19:52:04,057 DEBUG cache:44 - Couldn't find template in cache for "login/login.ftl"("zh_CN", UTF-8, parsed); will try to load it.
2019-05-06 19:52:04,061 DEBUG cache:44 - TemplateLoader.findTemplateSource("login/login_zh_CN.ftl"): Not found
2019-05-06 19:52:04,062 DEBUG cache:44 - TemplateLoader.findTemplateSource("login/login_zh.ftl"): Not found
2019-05-06 19:52:04,064 DEBUG cache:44 - TemplateLoader.findTemplateSource("login/login.ftl"): Found
2019-05-06 19:52:04,064 DEBUG cache:44 - Loading template for "login/login.ftl"("zh_CN", UTF-8, parsed) from "D:\\工程师软件\\IDEA\\IntelliJ IDEA 2018.2.5\\BookManage\\target\\classes\\templates\\login\\login.ftl"
2019-05-06 19:52:04,084 DEBUG cache:44 - "login/login.ftl"("zh_CN", UTF-8, parsed) cached copy not yet stale; using cached.
2019-05-06 19:52:07,702  INFO usersController:89 - 到此为验证成功，进入主界面
2019-05-06 19:52:07,703  INFO usersController:90 - 获得秘钥ace0460da03bba4be2ab2dea96a09c3f7529
2019-05-06 19:52:07,704  INFO usersController:91 - 
2019-05-06 19:52:07,731  INFO bookController:89 - 
2019-05-06 19:52:07,733 DEBUG cache:44 - Couldn't find template in cache for "book/books.ftl"("zh_CN", UTF-8, parsed); will try to load it.
2019-05-06 19:52:07,733 DEBUG cache:44 - TemplateLoader.findTemplateSource("book/books_zh_CN.ftl"): Not found
2019-05-06 19:52:07,734 DEBUG cache:44 - TemplateLoader.findTemplateSource("book/books_zh.ftl"): Not found
2019-05-06 19:52:07,735 DEBUG cache:44 - TemplateLoader.findTemplateSource("book/books.ftl"): Found
2019-05-06 19:52:07,735 DEBUG cache:44 - Loading template for "book/books.ftl"("zh_CN", UTF-8, parsed) from "D:\\工程师软件\\IDEA\\IntelliJ IDEA 2018.2.5\\BookManage\\target\\classes\\templates\\book\\books.ftl"
2019-05-06 19:52:07,765 DEBUG cache:44 - "book/books.ftl"("zh_CN", UTF-8, parsed) cached copy not yet stale; using cached.
2019-05-06 19:57:24,667  INFO bookController:89 - 
2019-05-06 19:57:24,681 DEBUG cache:44 - Couldn't find template in cache for "book/books.ftl"("zh_CN", UTF-8, parsed); will try to load it.
2019-05-06 19:57:24,684 DEBUG cache:44 - TemplateLoader.findTemplateSource("book/books_zh_CN.ftl"): Not found
2019-05-06 19:57:24,685 DEBUG cache:44 - TemplateLoader.findTemplateSource("book/books_zh.ftl"): Not found
2019-05-06 19:57:24,687 DEBUG cache:44 - TemplateLoader.findTemplateSource("book/books.ftl"): Found
2019-05-06 19:57:24,688 DEBUG cache:44 - Loading template for "book/books.ftl"("zh_CN", UTF-8, parsed) from "D:\\工程师软件\\IDEA\\IntelliJ IDEA 2018.2.5\\BookManage\\target\\classes\\templates\\book\\books.ftl"
2019-05-06 19:57:24,763 DEBUG cache:44 - "book/books.ftl"("zh_CN", UTF-8, parsed) cached copy not yet stale; using cached.
2019-05-06 19:57:26,517 DEBUG cache:44 - Couldn't find template in cache for "login/login.ftl"("zh_CN", UTF-8, parsed); will try to load it.
2019-05-06 19:57:26,518 DEBUG cache:44 - TemplateLoader.findTemplateSource("login/login_zh_CN.ftl"): Not found
2019-05-06 19:57:26,519 DEBUG cache:44 - TemplateLoader.findTemplateSource("login/login_zh.ftl"): Not found
2019-05-06 19:57:26,524 DEBUG cache:44 - TemplateLoader.findTemplateSource("login/login.ftl"): Found
2019-05-06 19:57:26,525 DEBUG cache:44 - Loading template for "login/login.ftl"("zh_CN", UTF-8, parsed) from "D:\\工程师软件\\IDEA\\IntelliJ IDEA 2018.2.5\\BookManage\\target\\classes\\templates\\login\\login.ftl"
2019-05-06 19:57:26,527 DEBUG cache:44 - "login/login.ftl"("zh_CN", UTF-8, parsed) cached copy not yet stale; using cached.
2019-05-06 19:57:30,104  INFO usersController:89 - 到此为验证成功，进入主界面
2019-05-06 19:57:30,104  INFO usersController:90 - 获得秘钥311d2123ab050a4aafa8ff8afd560fffd0ae
2019-05-06 19:57:30,105  INFO usersController:91 - 
2019-05-06 19:57:30,126  INFO bookController:89 - 
2019-05-06 19:57:30,129 DEBUG cache:44 - TemplateLoader.findTemplateSource("book/books_zh_CN.ftl"): Not found
2019-05-06 19:57:30,129 DEBUG cache:44 - TemplateLoader.findTemplateSource("book/books_zh.ftl"): Not found
2019-05-06 19:57:30,130 DEBUG cache:44 - TemplateLoader.findTemplateSource("book/books.ftl"): Found
2019-05-06 19:57:30,131 DEBUG cache:44 - "book/books.ftl"("zh_CN", UTF-8, parsed): using cached since D:\工程师软件\IDEA\IntelliJ IDEA 2018.2.5\BookManage\target\classes\templates\book\books.ftl hasn't changed.
2019-05-06 19:57:30,131 DEBUG cache:44 - "book/books.ftl"("zh_CN", UTF-8, parsed) cached copy not yet stale; using cached.
2019-05-06 20:00:36,627  INFO LoginInterceptor:31 - 此处应该是对于所有经过/books/下的请求进行拦截判断：
2019-05-06 20:00:36,931  INFO LoginInterceptor:31 - 此处应该是对于所有经过/books/下的请求进行拦截判断：
2019-05-06 20:00:36,944 DEBUG cache:44 - Couldn't find template in cache for "book/books.ftl"("zh_CN", UTF-8, parsed); will try to load it.
2019-05-06 20:00:36,947 DEBUG cache:44 - TemplateLoader.findTemplateSource("book/books_zh_CN.ftl"): Not found
2019-05-06 20:00:36,949 DEBUG cache:44 - TemplateLoader.findTemplateSource("book/books_zh.ftl"): Not found
2019-05-06 20:00:36,951 DEBUG cache:44 - TemplateLoader.findTemplateSource("book/books.ftl"): Found
2019-05-06 20:00:36,952 DEBUG cache:44 - Loading template for "book/books.ftl"("zh_CN", UTF-8, parsed) from "D:\\工程师软件\\IDEA\\IntelliJ IDEA 2018.2.5\\BookManage\\target\\classes\\templates\\book\\books.ftl"
2019-05-06 20:00:37,002 DEBUG cache:44 - "book/books.ftl"("zh_CN", UTF-8, parsed) cached copy not yet stale; using cached.
2019-05-06 20:00:38,383  INFO LoginInterceptor:31 - 此处应该是对于所有经过/books/下的请求进行拦截判断：
2019-05-06 20:00:38,388 DEBUG cache:44 - Couldn't find template in cache for "login/login.ftl"("zh_CN", UTF-8, parsed); will try to load it.
2019-05-06 20:00:38,389 DEBUG cache:44 - TemplateLoader.findTemplateSource("login/login_zh_CN.ftl"): Not found
2019-05-06 20:00:38,390 DEBUG cache:44 - TemplateLoader.findTemplateSource("login/login_zh.ftl"): Not found
2019-05-06 20:00:38,391 DEBUG cache:44 - TemplateLoader.findTemplateSource("login/login.ftl"): Found
2019-05-06 20:00:38,392 DEBUG cache:44 - Loading template for "login/login.ftl"("zh_CN", UTF-8, parsed) from "D:\\工程师软件\\IDEA\\IntelliJ IDEA 2018.2.5\\BookManage\\target\\classes\\templates\\login\\login.ftl"
2019-05-06 20:00:38,395 DEBUG cache:44 - "login/login.ftl"("zh_CN", UTF-8, parsed) cached copy not yet stale; using cached.
2019-05-06 20:00:41,516  INFO LoginInterceptor:31 - 此处应该是对于所有经过/books/下的请求进行拦截判断：
2019-05-06 20:00:41,557  INFO usersController:89 - 到此为验证成功，进入主界面
2019-05-06 20:00:41,557  INFO usersController:90 - 获得秘钥bc51d291a7b3ea4a7babaeda1d5fd98d5a00
2019-05-06 20:00:41,557  INFO usersController:91 - 
2019-05-06 20:00:41,564  INFO LoginInterceptor:31 - 此处应该是对于所有经过/books/下的请求进行拦截判断：
2019-05-06 20:00:41,571  INFO LoginInterceptor:31 - 此处应该是对于所有经过/books/下的请求进行拦截判断：
2019-05-06 20:00:41,578 DEBUG cache:44 - "book/books.ftl"("zh_CN", UTF-8, parsed) cached copy not yet stale; using cached.
2019-05-06 20:00:41,578 DEBUG cache:44 - "book/books.ftl"("zh_CN", UTF-8, parsed) cached copy not yet stale; using cached.
2019-05-06 20:09:09,396  INFO LoginInterceptor:31 - 此处应该是对于所有经过/books/下的请求进行拦截判断：
2019-05-06 20:09:09,415  INFO LoginInterceptor:31 - 此处应该是对于所有经过/books/下的请求进行拦截判断：
2019-05-06 20:09:09,423  INFO LoginInterceptor:31 - 此处应该是对于所有经过/books/下的请求进行拦截判断：
2019-05-06 20:09:09,428  INFO LoginInterceptor:31 - 此处应该是对于所有经过/books/下的请求进行拦截判断：
2019-05-06 20:09:09,437  INFO LoginInterceptor:31 - 此处应该是对于所有经过/books/下的请求进行拦截判断：
2019-05-06 20:09:09,442  INFO LoginInterceptor:31 - 此处应该是对于所有经过/books/下的请求进行拦截判断：
2019-05-06 20:09:09,448  INFO LoginInterceptor:31 - 此处应该是对于所有经过/books/下的请求进行拦截判断：
2019-05-06 20:09:09,454  INFO LoginInterceptor:31 - 此处应该是对于所有经过/books/下的请求进行拦截判断：
2019-05-06 20:09:09,461  INFO LoginInterceptor:31 - 此处应该是对于所有经过/books/下的请求进行拦截判断：
2019-05-06 20:09:09,470  INFO LoginInterceptor:31 - 此处应该是对于所有经过/books/下的请求进行拦截判断：
2019-05-06 20:09:09,477  INFO LoginInterceptor:31 - 此处应该是对于所有经过/books/下的请求进行拦截判断：
2019-05-06 20:09:09,483  INFO LoginInterceptor:31 - 此处应该是对于所有经过/books/下的请求进行拦截判断：
2019-05-06 20:09:09,490  INFO LoginInterceptor:31 - 此处应该是对于所有经过/books/下的请求进行拦截判断：
2019-05-06 20:09:09,495  INFO LoginInterceptor:31 - 此处应该是对于所有经过/books/下的请求进行拦截判断：
2019-05-06 20:09:09,499  INFO LoginInterceptor:31 - 此处应该是对于所有经过/books/下的请求进行拦截判断：
2019-05-06 20:09:09,505  INFO LoginInterceptor:31 - 此处应该是对于所有经过/books/下的请求进行拦截判断：
2019-05-06 20:09:09,510  INFO LoginInterceptor:31 - 此处应该是对于所有经过/books/下的请求进行拦截判断：
2019-05-06 20:09:09,515  INFO LoginInterceptor:31 - 此处应该是对于所有经过/books/下的请求进行拦截判断：
2019-05-06 20:09:09,520  INFO LoginInterceptor:31 - 此处应该是对于所有经过/books/下的请求进行拦截判断：
2019-05-06 20:09:09,525  INFO LoginInterceptor:31 - 此处应该是对于所有经过/books/下的请求进行拦截判断：
2019-05-06 20:09:10,270  INFO LoginInterceptor:31 - 此处应该是对于所有经过/books/下的请求进行拦截判断：
2019-05-06 20:09:10,277  INFO LoginInterceptor:31 - 此处应该是对于所有经过/books/下的请求进行拦截判断：
2019-05-06 20:09:10,285  INFO LoginInterceptor:31 - 此处应该是对于所有经过/books/下的请求进行拦截判断：
2019-05-06 20:09:10,291  INFO LoginInterceptor:31 - 此处应该是对于所有经过/books/下的请求进行拦截判断：
2019-05-06 20:09:10,298  INFO LoginInterceptor:31 - 此处应该是对于所有经过/books/下的请求进行拦截判断：
2019-05-06 20:09:10,306  INFO LoginInterceptor:31 - 此处应该是对于所有经过/books/下的请求进行拦截判断：
2019-05-06 20:09:10,315  INFO LoginInterceptor:31 - 此处应该是对于所有经过/books/下的请求进行拦截判断：
2019-05-06 20:09:10,324  INFO LoginInterceptor:31 - 此处应该是对于所有经过/books/下的请求进行拦截判断：
2019-05-06 20:09:10,330  INFO LoginInterceptor:31 - 此处应该是对于所有经过/books/下的请求进行拦截判断：
2019-05-06 20:09:10,336  INFO LoginInterceptor:31 - 此处应该是对于所有经过/books/下的请求进行拦截判断：
2019-05-06 20:09:10,343  INFO LoginInterceptor:31 - 此处应该是对于所有经过/books/下的请求进行拦截判断：
2019-05-06 20:09:10,353  INFO LoginInterceptor:31 - 此处应该是对于所有经过/books/下的请求进行拦截判断：
2019-05-06 20:09:10,362  INFO LoginInterceptor:31 - 此处应该是对于所有经过/books/下的请求进行拦截判断：
2019-05-06 20:09:10,368  INFO LoginInterceptor:31 - 此处应该是对于所有经过/books/下的请求进行拦截判断：
2019-05-06 20:09:10,374  INFO LoginInterceptor:31 - 此处应该是对于所有经过/books/下的请求进行拦截判断：
2019-05-06 20:09:10,380  INFO LoginInterceptor:31 - 此处应该是对于所有经过/books/下的请求进行拦截判断：
2019-05-06 20:09:10,386  INFO LoginInterceptor:31 - 此处应该是对于所有经过/books/下的请求进行拦截判断：
2019-05-06 20:09:10,393  INFO LoginInterceptor:31 - 此处应该是对于所有经过/books/下的请求进行拦截判断：
2019-05-06 20:09:10,398  INFO LoginInterceptor:31 - 此处应该是对于所有经过/books/下的请求进行拦截判断：
2019-05-06 20:09:10,405  INFO LoginInterceptor:31 - 此处应该是对于所有经过/books/下的请求进行拦截判断：
2019-05-06 20:09:15,438  INFO LoginInterceptor:31 - 此处应该是对于所有经过/books/下的请求进行拦截判断：
2019-05-06 20:09:15,449  INFO LoginInterceptor:31 - 此处应该是对于所有经过/books/下的请求进行拦截判断：
2019-05-06 20:09:15,455  INFO LoginInterceptor:31 - 此处应该是对于所有经过/books/下的请求进行拦截判断：
2019-05-06 20:09:15,464  INFO LoginInterceptor:31 - 此处应该是对于所有经过/books/下的请求进行拦截判断：
2019-05-06 20:09:15,470  INFO LoginInterceptor:31 - 此处应该是对于所有经过/books/下的请求进行拦截判断：
2019-05-06 20:09:15,476  INFO LoginInterceptor:31 - 此处应该是对于所有经过/books/下的请求进行拦截判断：
2019-05-06 20:09:15,482  INFO LoginInterceptor:31 - 此处应该是对于所有经过/books/下的请求进行拦截判断：
2019-05-06 20:09:15,489  INFO LoginInterceptor:31 - 此处应该是对于所有经过/books/下的请求进行拦截判断：
2019-05-06 20:09:15,496  INFO LoginInterceptor:31 - 此处应该是对于所有经过/books/下的请求进行拦截判断：
2019-05-06 20:09:15,503  INFO LoginInterceptor:31 - 此处应该是对于所有经过/books/下的请求进行拦截判断：
2019-05-06 20:09:15,510  INFO LoginInterceptor:31 - 此处应该是对于所有经过/books/下的请求进行拦截判断：
2019-05-06 20:09:15,517  INFO LoginInterceptor:31 - 此处应该是对于所有经过/books/下的请求进行拦截判断：
2019-05-06 20:09:15,522  INFO LoginInterceptor:31 - 此处应该是对于所有经过/books/下的请求进行拦截判断：
2019-05-06 20:09:15,528  INFO LoginInterceptor:31 - 此处应该是对于所有经过/books/下的请求进行拦截判断：
2019-05-06 20:09:15,534  INFO LoginInterceptor:31 - 此处应该是对于所有经过/books/下的请求进行拦截判断：
2019-05-06 20:09:15,540  INFO LoginInterceptor:31 - 此处应该是对于所有经过/books/下的请求进行拦截判断：
2019-05-06 20:09:15,547  INFO LoginInterceptor:31 - 此处应该是对于所有经过/books/下的请求进行拦截判断：
2019-05-06 20:09:15,552  INFO LoginInterceptor:31 - 此处应该是对于所有经过/books/下的请求进行拦截判断：
2019-05-06 20:09:15,557  INFO LoginInterceptor:31 - 此处应该是对于所有经过/books/下的请求进行拦截判断：
2019-05-06 20:09:15,562  INFO LoginInterceptor:31 - 此处应该是对于所有经过/books/下的请求进行拦截判断：
2019-05-06 20:09:45,593  INFO LoginInterceptor:31 - 此处应该是对于所有经过/books/下的请求进行拦截判断：
2019-05-06 20:09:45,606  INFO LoginInterceptor:31 - 此处应该是对于所有经过/books/下的请求进行拦截判断：
2019-05-06 20:09:45,613  INFO LoginInterceptor:31 - 此处应该是对于所有经过/books/下的请求进行拦截判断：
2019-05-06 20:09:45,620  INFO LoginInterceptor:31 - 此处应该是对于所有经过/books/下的请求进行拦截判断：
2019-05-06 20:09:45,630  INFO LoginInterceptor:31 - 此处应该是对于所有经过/books/下的请求进行拦截判断：
2019-05-06 20:09:45,636  INFO LoginInterceptor:31 - 此处应该是对于所有经过/books/下的请求进行拦截判断：
2019-05-06 20:09:45,642  INFO LoginInterceptor:31 - 此处应该是对于所有经过/books/下的请求进行拦截判断：
2019-05-06 20:09:45,649  INFO LoginInterceptor:31 - 此处应该是对于所有经过/books/下的请求进行拦截判断：
2019-05-06 20:09:45,655  INFO LoginInterceptor:31 - 此处应该是对于所有经过/books/下的请求进行拦截判断：
2019-05-06 20:09:45,660  INFO LoginInterceptor:31 - 此处应该是对于所有经过/books/下的请求进行拦截判断：
2019-05-06 20:09:45,665  INFO LoginInterceptor:31 - 此处应该是对于所有经过/books/下的请求进行拦截判断：
2019-05-06 20:09:45,673  INFO LoginInterceptor:31 - 此处应该是对于所有经过/books/下的请求进行拦截判断：
2019-05-06 20:09:45,679  INFO LoginInterceptor:31 - 此处应该是对于所有经过/books/下的请求进行拦截判断：
2019-05-06 20:09:45,694  INFO LoginInterceptor:31 - 此处应该是对于所有经过/books/下的请求进行拦截判断：
2019-05-06 20:09:45,700  INFO LoginInterceptor:31 - 此处应该是对于所有经过/books/下的请求进行拦截判断：
2019-05-06 20:09:45,705  INFO LoginInterceptor:31 - 此处应该是对于所有经过/books/下的请求进行拦截判断：
2019-05-06 20:09:45,711  INFO LoginInterceptor:31 - 此处应该是对于所有经过/books/下的请求进行拦截判断：
2019-05-06 20:09:45,715  INFO LoginInterceptor:31 - 此处应该是对于所有经过/books/下的请求进行拦截判断：
2019-05-06 20:09:45,722  INFO LoginInterceptor:31 - 此处应该是对于所有经过/books/下的请求进行拦截判断：
2019-05-06 20:09:45,728  INFO LoginInterceptor:31 - 此处应该是对于所有经过/books/下的请求进行拦截判断：
2019-05-06 20:10:16,383 DEBUG cache:44 - Couldn't find template in cache for "book/books.ftl"("zh_CN", UTF-8, parsed); will try to load it.
2019-05-06 20:10:16,390 DEBUG cache:44 - TemplateLoader.findTemplateSource("book/books_zh_CN.ftl"): Not found
2019-05-06 20:10:16,393 DEBUG cache:44 - TemplateLoader.findTemplateSource("book/books_zh.ftl"): Not found
2019-05-06 20:10:16,395 DEBUG cache:44 - TemplateLoader.findTemplateSource("book/books.ftl"): Found
2019-05-06 20:10:16,397 DEBUG cache:44 - Loading template for "book/books.ftl"("zh_CN", UTF-8, parsed) from "D:\\工程师软件\\IDEA\\IntelliJ IDEA 2018.2.5\\BookManage\\target\\classes\\templates\\book\\books.ftl"
2019-05-06 20:10:16,485 DEBUG cache:44 - "book/books.ftl"("zh_CN", UTF-8, parsed) cached copy not yet stale; using cached.
2019-05-06 20:10:18,410 DEBUG cache:44 - Couldn't find template in cache for "login/login.ftl"("zh_CN", UTF-8, parsed); will try to load it.
2019-05-06 20:10:18,412 DEBUG cache:44 - TemplateLoader.findTemplateSource("login/login_zh_CN.ftl"): Not found
2019-05-06 20:10:18,412 DEBUG cache:44 - TemplateLoader.findTemplateSource("login/login_zh.ftl"): Not found
2019-05-06 20:10:18,414 DEBUG cache:44 - TemplateLoader.findTemplateSource("login/login.ftl"): Found
2019-05-06 20:10:18,414 DEBUG cache:44 - Loading template for "login/login.ftl"("zh_CN", UTF-8, parsed) from "D:\\工程师软件\\IDEA\\IntelliJ IDEA 2018.2.5\\BookManage\\target\\classes\\templates\\login\\login.ftl"
2019-05-06 20:10:18,417 DEBUG cache:44 - "login/login.ftl"("zh_CN", UTF-8, parsed) cached copy not yet stale; using cached.
2019-05-06 20:10:21,635  INFO usersController:89 - 到此为验证成功，进入主界面
2019-05-06 20:10:21,635  INFO usersController:90 - 获得秘钥e5b81a62aa2c5a40f0aa562aa240ab770ce2
2019-05-06 20:10:21,653 DEBUG cache:44 - TemplateLoader.findTemplateSource("book/books_zh_CN.ftl"): Not found
2019-05-06 20:10:21,654 DEBUG cache:44 - TemplateLoader.findTemplateSource("book/books_zh.ftl"): Not found
2019-05-06 20:10:21,655 DEBUG cache:44 - TemplateLoader.findTemplateSource("book/books.ftl"): Found
2019-05-06 20:10:21,656 DEBUG cache:44 - "book/books.ftl"("zh_CN", UTF-8, parsed): using cached since D:\工程师软件\IDEA\IntelliJ IDEA 2018.2.5\BookManage\target\classes\templates\book\books.ftl hasn't changed.
2019-05-06 20:10:21,656 DEBUG cache:44 - "book/books.ftl"("zh_CN", UTF-8, parsed) cached copy not yet stale; using cached.
2019-05-06 20:16:26,342 DEBUG cache:44 - Couldn't find template in cache for "book/books.ftl"("zh_CN", UTF-8, parsed); will try to load it.
2019-05-06 20:16:26,348 DEBUG cache:44 - TemplateLoader.findTemplateSource("book/books_zh_CN.ftl"): Not found
2019-05-06 20:16:26,349 DEBUG cache:44 - TemplateLoader.findTemplateSource("book/books_zh.ftl"): Not found
2019-05-06 20:16:26,351 DEBUG cache:44 - TemplateLoader.findTemplateSource("book/books.ftl"): Found
2019-05-06 20:16:26,352 DEBUG cache:44 - Loading template for "book/books.ftl"("zh_CN", UTF-8, parsed) from "D:\\工程师软件\\IDEA\\IntelliJ IDEA 2018.2.5\\BookManage\\target\\classes\\templates\\book\\books.ftl"
2019-05-06 20:16:26,404 DEBUG cache:44 - "book/books.ftl"("zh_CN", UTF-8, parsed) cached copy not yet stale; using cached.
2019-05-06 20:16:28,226 DEBUG cache:44 - Couldn't find template in cache for "login/login.ftl"("zh_CN", UTF-8, parsed); will try to load it.
2019-05-06 20:16:28,227 DEBUG cache:44 - TemplateLoader.findTemplateSource("login/login_zh_CN.ftl"): Not found
2019-05-06 20:16:28,229 DEBUG cache:44 - TemplateLoader.findTemplateSource("login/login_zh.ftl"): Not found
2019-05-06 20:16:28,230 DEBUG cache:44 - TemplateLoader.findTemplateSource("login/login.ftl"): Found
2019-05-06 20:16:28,230 DEBUG cache:44 - Loading template for "login/login.ftl"("zh_CN", UTF-8, parsed) from "D:\\工程师软件\\IDEA\\IntelliJ IDEA 2018.2.5\\BookManage\\target\\classes\\templates\\login\\login.ftl"
2019-05-06 20:16:28,232 DEBUG cache:44 - "login/login.ftl"("zh_CN", UTF-8, parsed) cached copy not yet stale; using cached.
2019-05-06 20:16:30,710  INFO LoginBiz:58 - 执行到这里了
2019-05-06 20:16:30,772 DEBUG cache:44 - Couldn't find template in cache for "404.ftl"("zh_CN", UTF-8, parsed); will try to load it.
2019-05-06 20:16:30,773 DEBUG cache:44 - TemplateLoader.findTemplateSource("404_zh_CN.ftl"): Not found
2019-05-06 20:16:30,774 DEBUG cache:44 - TemplateLoader.findTemplateSource("404_zh.ftl"): Not found
2019-05-06 20:16:30,775 DEBUG cache:44 - TemplateLoader.findTemplateSource("404.ftl"): Found
2019-05-06 20:16:30,776 DEBUG cache:44 - Loading template for "404.ftl"("zh_CN", UTF-8, parsed) from "D:\\工程师软件\\IDEA\\IntelliJ IDEA 2018.2.5\\BookManage\\target\\classes\\templates\\404.ftl"
2019-05-06 20:16:30,778 DEBUG cache:44 - "404.ftl"("zh_CN", UTF-8, parsed) cached copy not yet stale; using cached.
2019-05-06 20:16:37,947  INFO usersController:89 - 到此为验证成功，进入主界面
2019-05-06 20:16:37,947  INFO usersController:90 - 获得秘钥46dff8bdaffada4277abae7aafca4b46cb07
2019-05-06 20:16:37,965 DEBUG cache:44 - TemplateLoader.findTemplateSource("book/books_zh_CN.ftl"): Not found
2019-05-06 20:16:37,966 DEBUG cache:44 - TemplateLoader.findTemplateSource("book/books_zh.ftl"): Not found
2019-05-06 20:16:37,966 DEBUG cache:44 - TemplateLoader.findTemplateSource("book/books.ftl"): Found
2019-05-06 20:16:37,967 DEBUG cache:44 - "book/books.ftl"("zh_CN", UTF-8, parsed): using cached since D:\工程师软件\IDEA\IntelliJ IDEA 2018.2.5\BookManage\target\classes\templates\book\books.ftl hasn't changed.
2019-05-06 20:16:37,967 DEBUG cache:44 - "book/books.ftl"("zh_CN", UTF-8, parsed) cached copy not yet stale; using cached.
2019-05-06 20:19:41,629  INFO HostInfoInterceptor:39 - 拦截器，在处理请求之前被调用：46dff8bdaffada4277abae7aafca4b46cb07
2019-05-06 20:19:42,207  INFO HostInfoInterceptor:39 - 拦截器，在处理请求之前被调用：46dff8bdaffada4277abae7aafca4b46cb07
2019-05-06 20:19:42,244 DEBUG cache:44 - Couldn't find template in cache for "book/books.ftl"("zh_CN", UTF-8, parsed); will try to load it.
2019-05-06 20:19:42,246 DEBUG cache:44 - TemplateLoader.findTemplateSource("book/books_zh_CN.ftl"): Not found
2019-05-06 20:19:42,252 DEBUG cache:44 - TemplateLoader.findTemplateSource("book/books_zh.ftl"): Not found
2019-05-06 20:19:42,254 DEBUG cache:44 - TemplateLoader.findTemplateSource("book/books.ftl"): Found
2019-05-06 20:19:42,256 DEBUG cache:44 - Loading template for "book/books.ftl"("zh_CN", UTF-8, parsed) from "D:\\工程师软件\\IDEA\\IntelliJ IDEA 2018.2.5\\BookManage\\target\\classes\\templates\\book\\books.ftl"
2019-05-06 20:19:42,354 DEBUG cache:44 - "book/books.ftl"("zh_CN", UTF-8, parsed) cached copy not yet stale; using cached.
2019-05-06 20:19:47,733  INFO HostInfoInterceptor:39 - 拦截器，在处理请求之前被调用：46dff8bdaffada4277abae7aafca4b46cb07
2019-05-06 20:19:47,777  INFO HostInfoInterceptor:39 - 拦截器，在处理请求之前被调用：46dff8bdaffada4277abae7aafca4b46cb07
2019-05-06 20:19:47,785  INFO HostInfoInterceptor:39 - 拦截器，在处理请求之前被调用：46dff8bdaffada4277abae7aafca4b46cb07
2019-05-06 20:19:47,792 DEBUG cache:44 - TemplateLoader.findTemplateSource("book/books_zh_CN.ftl"): Not found
2019-05-06 20:19:47,793 DEBUG cache:44 - TemplateLoader.findTemplateSource("book/books_zh.ftl"): Not found
2019-05-06 20:19:47,793 DEBUG cache:44 - TemplateLoader.findTemplateSource("book/books.ftl"): Found
2019-05-06 20:19:47,794 DEBUG cache:44 - "book/books.ftl"("zh_CN", UTF-8, parsed): using cached since D:\工程师软件\IDEA\IntelliJ IDEA 2018.2.5\BookManage\target\classes\templates\book\books.ftl hasn't changed.
2019-05-06 20:19:47,795 DEBUG cache:44 - "book/books.ftl"("zh_CN", UTF-8, parsed) cached copy not yet stale; using cached.
2019-05-06 20:19:54,065  INFO HostInfoInterceptor:39 - 拦截器，在处理请求之前被调用：46dff8bdaffada4277abae7aafca4b46cb07
2019-05-06 20:19:54,072 DEBUG cache:44 - Couldn't find template in cache for "login/login.ftl"("zh_CN", UTF-8, parsed); will try to load it.
2019-05-06 20:19:54,073 DEBUG cache:44 - TemplateLoader.findTemplateSource("login/login_zh_CN.ftl"): Not found
2019-05-06 20:19:54,075 DEBUG cache:44 - TemplateLoader.findTemplateSource("login/login_zh.ftl"): Not found
2019-05-06 20:19:54,077 DEBUG cache:44 - TemplateLoader.findTemplateSource("login/login.ftl"): Found
2019-05-06 20:19:54,077 DEBUG cache:44 - Loading template for "login/login.ftl"("zh_CN", UTF-8, parsed) from "D:\\工程师软件\\IDEA\\IntelliJ IDEA 2018.2.5\\BookManage\\target\\classes\\templates\\login\\login.ftl"
2019-05-06 20:19:54,079 DEBUG cache:44 - "login/login.ftl"("zh_CN", UTF-8, parsed) cached copy not yet stale; using cached.
2019-05-06 20:19:57,408  INFO HostInfoInterceptor:39 - 拦截器，在处理请求之前被调用：46dff8bdaffada4277abae7aafca4b46cb07
2019-05-06 20:19:57,502 DEBUG cache:44 - Couldn't find template in cache for "404.ftl"("zh_CN", UTF-8, parsed); will try to load it.
2019-05-06 20:19:57,503 DEBUG cache:44 - TemplateLoader.findTemplateSource("404_zh_CN.ftl"): Not found
2019-05-06 20:19:57,504 DEBUG cache:44 - TemplateLoader.findTemplateSource("404_zh.ftl"): Not found
2019-05-06 20:19:57,505 DEBUG cache:44 - TemplateLoader.findTemplateSource("404.ftl"): Found
2019-05-06 20:19:57,506 DEBUG cache:44 - Loading template for "404.ftl"("zh_CN", UTF-8, parsed) from "D:\\工程师软件\\IDEA\\IntelliJ IDEA 2018.2.5\\BookManage\\target\\classes\\templates\\404.ftl"
2019-05-06 20:19:57,507 DEBUG cache:44 - "404.ftl"("zh_CN", UTF-8, parsed) cached copy not yet stale; using cached.
2019-05-06 20:20:07,021  INFO HostInfoInterceptor:39 - 拦截器，在处理请求之前被调用：46dff8bdaffada4277abae7aafca4b46cb07
2019-05-06 20:20:07,035 DEBUG cache:44 - TemplateLoader.findTemplateSource("404_zh_CN.ftl"): Not found
2019-05-06 20:20:07,036 DEBUG cache:44 - TemplateLoader.findTemplateSource("404_zh.ftl"): Not found
2019-05-06 20:20:07,037 DEBUG cache:44 - TemplateLoader.findTemplateSource("404.ftl"): Found
2019-05-06 20:20:07,037 DEBUG cache:44 - "404.ftl"("zh_CN", UTF-8, parsed): using cached since D:\工程师软件\IDEA\IntelliJ IDEA 2018.2.5\BookManage\target\classes\templates\404.ftl hasn't changed.
2019-05-06 20:20:07,038 DEBUG cache:44 - "404.ftl"("zh_CN", UTF-8, parsed) cached copy not yet stale; using cached.
